<?xml version="1.0" encoding="UTF-8"?>
<testsuite name="oracle.nosql.model.TestIterator" tests="6" skipped="0" failures="0" errors="0" timestamp="2025-11-25T06:56:02" hostname="Lakshyas-MacBook-Pro.local" time="0.002">
  <properties/>
  <testcase name="iterateAcrossMultipleCollection" classname="oracle.nosql.model.TestIterator" time="0.001"/>
  <testcase name="testPushbackIterator" classname="oracle.nosql.model.TestIterator" time="0.0"/>
  <testcase name="testSingleIterator" classname="oracle.nosql.model.TestIterator" time="0.0"/>
  <testcase name="iterateOfNullCollectionIsEmpty" classname="oracle.nosql.model.TestIterator" time="0.001"/>
  <testcase name="iterateOfEmptyCollectionIsEmpty" classname="oracle.nosql.model.TestIterator" time="0.0"/>
  <testcase name="iteratorTerminatesOnNullIteratorInChain" classname="oracle.nosql.model.TestIterator" time="0.0"/>
  <system-out><![CDATA[]]></system-out>
  <system-err><![CDATA[]]></system-err>
</testsuite>
